{"E:\\JS\\epam-react-js-training\\netflix-roulette\\src\\index.tsx": {"path":"E:\\JS\\epam-react-js-training\\netflix-roulette\\src\\index.tsx","statementMap":{"0":{"start":{"line":1,"column":0},"end":{"line":1,"column":31}},"1":{"start":{"line":2,"column":0},"end":{"line":2,"column":38}},"2":{"start":{"line":4,"column":0},"end":{"line":4,"column":35}},"3":{"start":{"line":5,"column":0},"end":{"line":5,"column":31}},"4":{"start":{"line":7,"column":14},"end":{"line":7,"column":28}},"5":{"start":{"line":9,"column":0},"end":{"line":9,"column":81}}},"fnMap":{},"branchMap":{},"s":{"0":0,"1":0,"2":0,"3":0,"4":0,"5":0},"f":{},"b":{}}
,"E:\\JS\\epam-react-js-training\\netflix-roulette\\src\\common\\api\\constants.ts": {"path":"E:\\JS\\epam-react-js-training\\netflix-roulette\\src\\common\\api\\constants.ts","statementMap":{"0":{"start":{"line":1,"column":13},"end":{"line":5,"column":2}}},"fnMap":{},"branchMap":{},"s":{"0":1},"f":{},"b":{}}
,"E:\\JS\\epam-react-js-training\\netflix-roulette\\src\\common\\api\\index.ts": {"path":"E:\\JS\\epam-react-js-training\\netflix-roulette\\src\\common\\api\\index.ts","statementMap":{"0":{"start":{"line":1,"column":0},"end":{"line":1,"column":45}},"1":{"start":{"line":3,"column":0},"end":{"line":3,"column":41}},"2":{"start":{"line":7,"column":13},"end":{"line":12,"column":2}},"3":{"start":{"line":7,"column":68},"end":{"line":12,"column":2}},"4":{"start":{"line":8,"column":2},"end":{"line":11,"column":5}},"5":{"start":{"line":14,"column":13},"end":{"line":16,"column":2}},"6":{"start":{"line":14,"column":41},"end":{"line":16,"column":2}},"7":{"start":{"line":15,"column":2},"end":{"line":15,"column":68}}},"fnMap":{"0":{"name":"(anonymous_15)","decl":{"start":{"line":7,"column":25},"end":{"line":7,"column":32}},"loc":{"start":{"line":7,"column":68},"end":{"line":12,"column":2}}},"1":{"name":"(anonymous_16)","decl":{"start":{"line":7,"column":68},"end":{"line":7,"column":null}},"loc":{"start":{"line":7,"column":68},"end":{"line":12,"column":2}}},"2":{"name":"(anonymous_18)","decl":{"start":{"line":14,"column":24},"end":{"line":14,"column":31}},"loc":{"start":{"line":14,"column":41},"end":{"line":16,"column":2}}},"3":{"name":"(anonymous_19)","decl":{"start":{"line":14,"column":41},"end":{"line":14,"column":null}},"loc":{"start":{"line":14,"column":41},"end":{"line":16,"column":2}}}},"branchMap":{},"s":{"0":1,"1":1,"2":1,"3":0,"4":0,"5":1,"6":0,"7":0},"f":{"0":0,"1":0,"2":0,"3":0},"b":{}}
,"E:\\JS\\epam-react-js-training\\netflix-roulette\\src\\common\\api\\utils.ts": {"path":"E:\\JS\\epam-react-js-training\\netflix-roulette\\src\\common\\api\\utils.ts","statementMap":{"0":{"start":{"line":1,"column":0},"end":{"line":1,"column":45}},"1":{"start":{"line":4,"column":20},"end":{"line":7,"column":1}},"2":{"start":{"line":5,"column":19},"end":{"line":5,"column":66}},"3":{"start":{"line":6,"column":2},"end":{"line":6,"column":55}},"4":{"start":{"line":9,"column":20},"end":{"line":16,"column":1}},"5":{"start":{"line":10,"column":2},"end":{"line":12,"column":null}},"6":{"start":{"line":11,"column":4},"end":{"line":11,"column":14}},"7":{"start":{"line":13,"column":2},"end":{"line":15,"column":15}},"8":{"start":{"line":14,"column":14},"end":{"line":14,"column":74}},"9":{"start":{"line":18,"column":13},"end":{"line":28,"column":2}},"10":{"start":{"line":20,"column":45},"end":{"line":28,"column":2}},"11":{"start":{"line":23,"column":21},"end":{"line":23,"column":null}},"12":{"start":{"line":23,"column":10},"end":{"line":23,"column":null}},"13":{"start":{"line":24,"column":11},"end":{"line":24,"column":33}},"14":{"start":{"line":24,"column":4},"end":{"line":24,"column":33}},"15":{"start":{"line":26,"column":4},"end":{"line":26,"column":24}}},"fnMap":{"0":{"name":"(anonymous_13)","decl":{"start":{"line":4,"column":20},"end":{"line":4,"column":21}},"loc":{"start":{"line":4,"column":57},"end":{"line":7,"column":1}}},"1":{"name":"(anonymous_14)","decl":{"start":{"line":9,"column":20},"end":{"line":9,"column":21}},"loc":{"start":{"line":9,"column":63},"end":{"line":16,"column":1}}},"2":{"name":"(anonymous_15)","decl":{"start":{"line":14,"column":9},"end":{"line":14,"column":10}},"loc":{"start":{"line":14,"column":10},"end":{"line":14,"column":32}}},"3":{"name":"(anonymous_16)","decl":{"start":{"line":18,"column":30},"end":{"line":18,"column":null}},"loc":{"start":{"line":20,"column":45},"end":{"line":28,"column":2}}},"4":{"name":"(anonymous_17)","decl":{"start":{"line":20,"column":45},"end":{"line":20,"column":null}},"loc":{"start":{"line":20,"column":45},"end":{"line":28,"column":2}}}},"branchMap":{"0":{"loc":{"start":{"line":6,"column":23},"end":{"line":6,"column":43}},"type":"cond-expr","locations":[{"start":{"line":6,"column":23},"end":{"line":6,"column":43}},{"start":{"line":6,"column":46},"end":{"line":6,"column":54}}]},"1":{"loc":{"start":{"line":10,"column":2},"end":{"line":12,"column":null}},"type":"if","locations":[{"start":{"line":10,"column":2},"end":{"line":12,"column":null}},{"start":{"line":10,"column":2},"end":{"line":12,"column":null}}]},"2":{"loc":{"start":{"line":24,"column":4},"end":{"line":24,"column":33}},"type":"switch","locations":[{"start":{"line":24,"column":4},"end":{"line":24,"column":33}}]}},"s":{"0":1,"1":1,"2":0,"3":0,"4":1,"5":0,"6":0,"7":0,"8":0,"9":1,"10":0,"11":0,"12":0,"13":0,"14":0,"15":0},"f":{"0":0,"1":0,"2":0,"3":0,"4":0},"b":{"0":[0,0],"1":[0,0],"2":[0]}}
,"E:\\JS\\epam-react-js-training\\netflix-roulette\\src\\common\\components\\index.ts": {"path":"E:\\JS\\epam-react-js-training\\netflix-roulette\\src\\common\\components\\index.ts","statementMap":{"0":{"start":{"line":1,"column":0},"end":{"line":1,"column":23}},"1":{"start":{"line":2,"column":0},"end":{"line":2,"column":29}},"2":{"start":{"line":3,"column":0},"end":{"line":3,"column":25}},"3":{"start":{"line":4,"column":0},"end":{"line":4,"column":24}},"4":{"start":{"line":5,"column":0},"end":{"line":5,"column":24}},"5":{"start":{"line":6,"column":0},"end":{"line":6,"column":32}},"6":{"start":{"line":7,"column":0},"end":{"line":7,"column":38}},"7":{"start":{"line":8,"column":0},"end":{"line":8,"column":25}}},"fnMap":{},"branchMap":{},"s":{"0":0,"1":0,"2":0,"3":0,"4":0,"5":0,"6":0,"7":0},"f":{},"b":{}}
,"E:\\JS\\epam-react-js-training\\netflix-roulette\\src\\common\\components\\Button\\index.tsx": {"path":"E:\\JS\\epam-react-js-training\\netflix-roulette\\src\\common\\components\\Button\\index.tsx","statementMap":{"0":{"start":{"line":1,"column":0},"end":{"line":1,"column":31}},"1":{"start":{"line":2,"column":0},"end":{"line":2,"column":36}},"2":{"start":{"line":6,"column":0},"end":{"line":6,"column":18}},"3":{"start":{"line":8,"column":13},"end":{"line":20,"column":2}},"4":{"start":{"line":8,"column":25},"end":{"line":8,"column":30}},"5":{"start":{"line":8,"column":32},"end":{"line":8,"column":39}},"6":{"start":{"line":8,"column":41},"end":{"line":8,"column":50}},"7":{"start":{"line":8,"column":52},"end":{"line":8,"column":56}},"8":{"start":{"line":9,"column":2},"end":{"line":19,"column":4}}},"fnMap":{"0":{"name":"(anonymous_0)","decl":{"start":{"line":8,"column":22},"end":{"line":8,"column":23}},"loc":{"start":{"line":8,"column":71},"end":{"line":20,"column":1}}}},"branchMap":{"0":{"loc":{"start":{"line":11,"column":65},"end":{"line":11,"column":69}},"type":"binary-expr","locations":[{"start":{"line":11,"column":65},"end":{"line":11,"column":69}},{"start":{"line":11,"column":73},"end":{"line":11,"column":82}}]}},"s":{"0":0,"1":0,"2":0,"3":0,"4":0,"5":0,"6":0,"7":0,"8":0},"f":{"0":0},"b":{"0":[0,0]}}
,"E:\\JS\\epam-react-js-training\\netflix-roulette\\src\\common\\components\\ErrorBoundary\\index.tsx": {"path":"E:\\JS\\epam-react-js-training\\netflix-roulette\\src\\common\\components\\ErrorBoundary\\index.tsx","statementMap":{"0":{"start":{"line":1,"column":0},"end":{"line":1,"column":31}},"1":{"start":{"line":5,"column":0},"end":{"line":5,"column":18}},"2":{"start":{"line":7,"column":0},"end":{"line":7,"column":94}},"3":{"start":{"line":7,"column":35},"end":{"line":7,"column":40}},"4":{"start":{"line":9,"column":4},"end":{"line":9,"column":null}},"5":{"start":{"line":10,"column":4},"end":{"line":13,"column":6}},"6":{"start":{"line":16,"column":9},"end":{"line":24,"column":null}},"7":{"start":{"line":17,"column":4},"end":{"line":23,"column":6}},"8":{"start":{"line":26,"column":9},"end":{"line":41,"column":null}},"9":{"start":{"line":27,"column":12},"end":{"line":27,"column":20}},"10":{"start":{"line":28,"column":10},"end":{"line":28,"column":12}},"11":{"start":{"line":28,"column":12},"end":{"line":28,"column":17}},"12":{"start":{"line":28,"column":19},"end":{"line":28,"column":43}},"13":{"start":{"line":30,"column":4},"end":{"line":40,"column":6}},"14":{"start":{"line":43,"column":10},"end":{"line":52,"column":null}},"15":{"start":{"line":43,"column":2},"end":{"line":43,"column":10}},"16":{"start":{"line":44,"column":4},"end":{"line":51,"column":6}},"17":{"start":{"line":46,"column":8},"end":{"line":49,"column":null}},"18":{"start":{"line":53,"column":0},"end":{"line":53,"column":null}},"19":{"start":{"line":7,"column":13},"end":{"line":7,"column":26}}},"fnMap":{"0":{"name":"(anonymous_6)","decl":{"start":{"line":7,"column":0},"end":{"line":7,"column":13}},"loc":{"start":{"line":7,"column":0},"end":{"line":53,"column":null}}},"1":{"name":"ErrorBoundary","decl":{"start":{"line":8,"column":2},"end":{"line":8,"column":14}},"loc":{"start":{"line":8,"column":39},"end":{"line":14,"column":3}}},"2":{"name":"(anonymous_8)","decl":{"start":{"line":16,"column":2},"end":{"line":16,"column":9}},"loc":{"start":{"line":16,"column":67},"end":{"line":24,"column":3}}},"3":{"name":"(anonymous_9)","decl":{"start":{"line":26,"column":2},"end":{"line":26,"column":9}},"loc":{"start":{"line":26,"column":2},"end":{"line":41,"column":3}}},"4":{"name":"(anonymous_10)","decl":{"start":{"line":43,"column":2},"end":{"line":43,"column":10}},"loc":{"start":{"line":43,"column":2},"end":{"line":52,"column":3}}},"5":{"name":"(anonymous_11)","decl":{"start":{"line":45,"column":6},"end":{"line":45,"column":null}},"loc":{"start":{"line":45,"column":6},"end":{"line":46,"column":12}}}},"branchMap":{"0":{"loc":{"start":{"line":9,"column":4},"end":{"line":9,"column":16}},"type":"binary-expr","locations":[{"start":{"line":9,"column":4},"end":{"line":9,"column":16}},{"start":{"line":9,"column":16},"end":{"line":9,"column":null}}]},"1":{"loc":{"start":{"line":33,"column":9},"end":{"line":33,"column":14}},"type":"binary-expr","locations":[{"start":{"line":33,"column":9},"end":{"line":33,"column":14}},{"start":{"line":34,"column":10},"end":{"line":36,"column":null}}]}},"s":{"0":0,"1":0,"2":0,"3":0,"4":0,"5":0,"6":0,"7":0,"8":0,"9":0,"10":0,"11":0,"12":0,"13":0,"14":0,"15":0,"16":0,"17":0,"18":0,"19":0},"f":{"0":0,"1":0,"2":0,"3":0,"4":0,"5":0},"b":{"0":[0,0],"1":[0,0]}}
,"E:\\JS\\epam-react-js-training\\netflix-roulette\\src\\common\\components\\Input\\index.tsx": {"path":"E:\\JS\\epam-react-js-training\\netflix-roulette\\src\\common\\components\\Input\\index.tsx","statementMap":{"0":{"start":{"line":1,"column":0},"end":{"line":1,"column":31}},"1":{"start":{"line":2,"column":0},"end":{"line":2,"column":36}},"2":{"start":{"line":6,"column":0},"end":{"line":6,"column":18}},"3":{"start":{"line":8,"column":13},"end":{"line":25,"column":2}},"4":{"start":{"line":8,"column":24},"end":{"line":8,"column":35}},"5":{"start":{"line":8,"column":37},"end":{"line":8,"column":46}},"6":{"start":{"line":8,"column":48},"end":{"line":8,"column":56}},"7":{"start":{"line":9,"column":27},"end":{"line":13,"column":null}},"8":{"start":{"line":11,"column":6},"end":{"line":11,"column":38}},"9":{"start":{"line":15,"column":2},"end":{"line":24,"column":4}}},"fnMap":{"0":{"name":"(anonymous_0)","decl":{"start":{"line":8,"column":21},"end":{"line":8,"column":22}},"loc":{"start":{"line":8,"column":70},"end":{"line":25,"column":1}}},"1":{"name":"(anonymous_1)","decl":{"start":{"line":10,"column":4},"end":{"line":10,"column":5}},"loc":{"start":{"line":10,"column":43},"end":{"line":12,"column":5}}}},"branchMap":{},"s":{"0":0,"1":0,"2":0,"3":0,"4":0,"5":0,"6":0,"7":0,"8":0,"9":0},"f":{"0":0,"1":0},"b":{}}
,"E:\\JS\\epam-react-js-training\\netflix-roulette\\src\\common\\components\\Label\\index.tsx": {"path":"E:\\JS\\epam-react-js-training\\netflix-roulette\\src\\common\\components\\Label\\index.tsx","statementMap":{"0":{"start":{"line":1,"column":0},"end":{"line":1,"column":31}},"1":{"start":{"line":2,"column":0},"end":{"line":2,"column":36}},"2":{"start":{"line":6,"column":0},"end":{"line":6,"column":18}},"3":{"start":{"line":8,"column":13},"end":{"line":17,"column":2}},"4":{"start":{"line":8,"column":24},"end":{"line":8,"column":28}},"5":{"start":{"line":8,"column":30},"end":{"line":8,"column":39}},"6":{"start":{"line":8,"column":41},"end":{"line":8,"column":50}},"7":{"start":{"line":8,"column":69},"end":{"line":17,"column":2}}},"fnMap":{"0":{"name":"(anonymous_0)","decl":{"start":{"line":8,"column":21},"end":{"line":8,"column":22}},"loc":{"start":{"line":8,"column":64},"end":{"line":8,"column":null}}}},"branchMap":{},"s":{"0":0,"1":0,"2":0,"3":0,"4":0,"5":0,"6":0,"7":0},"f":{"0":0},"b":{}}
,"E:\\JS\\epam-react-js-training\\netflix-roulette\\src\\common\\components\\Loader\\index.tsx": {"path":"E:\\JS\\epam-react-js-training\\netflix-roulette\\src\\common\\components\\Loader\\index.tsx","statementMap":{"0":{"start":{"line":1,"column":0},"end":{"line":1,"column":31}},"1":{"start":{"line":5,"column":0},"end":{"line":5,"column":18}},"2":{"start":{"line":7,"column":13},"end":{"line":12,"column":4}},"3":{"start":{"line":7,"column":25},"end":{"line":7,"column":32}},"4":{"start":{"line":8,"column":2},"end":{"line":12,"column":4}}},"fnMap":{"0":{"name":"(anonymous_0)","decl":{"start":{"line":7,"column":22},"end":{"line":7,"column":23}},"loc":{"start":{"line":7,"column":47},"end":{"line":8,"column":9}}}},"branchMap":{"0":{"loc":{"start":{"line":8,"column":2},"end":{"line":8,"column":9}},"type":"binary-expr","locations":[{"start":{"line":8,"column":2},"end":{"line":8,"column":9}},{"start":{"line":9,"column":4},"end":{"line":10,"column":null}}]}},"s":{"0":0,"1":0,"2":0,"3":0,"4":0},"f":{"0":0},"b":{"0":[0,0]}}
,"E:\\JS\\epam-react-js-training\\netflix-roulette\\src\\common\\components\\Logo\\index.tsx": {"path":"E:\\JS\\epam-react-js-training\\netflix-roulette\\src\\common\\components\\Logo\\index.tsx","statementMap":{"0":{"start":{"line":1,"column":0},"end":{"line":1,"column":31}},"1":{"start":{"line":3,"column":0},"end":{"line":3,"column":18}},"2":{"start":{"line":5,"column":13},"end":{"line":10,"column":2}},"3":{"start":{"line":5,"column":26},"end":{"line":10,"column":2}}},"fnMap":{"0":{"name":"(anonymous_0)","decl":{"start":{"line":5,"column":20},"end":{"line":5,"column":26}},"loc":{"start":{"line":5,"column":20},"end":{"line":5,"column":null}}}},"branchMap":{},"s":{"0":0,"1":0,"2":0,"3":0},"f":{"0":0},"b":{}}
,"E:\\JS\\epam-react-js-training\\netflix-roulette\\src\\common\\components\\ScaleImage\\index.tsx": {"path":"E:\\JS\\epam-react-js-training\\netflix-roulette\\src\\common\\components\\ScaleImage\\index.tsx","statementMap":{"0":{"start":{"line":1,"column":0},"end":{"line":1,"column":31}},"1":{"start":{"line":5,"column":0},"end":{"line":5,"column":18}},"2":{"start":{"line":7,"column":13},"end":{"line":17,"column":2}},"3":{"start":{"line":7,"column":29},"end":{"line":7,"column":32}},"4":{"start":{"line":7,"column":34},"end":{"line":7,"column":39}},"5":{"start":{"line":7,"column":41},"end":{"line":7,"column":46}},"6":{"start":{"line":7,"column":70},"end":{"line":17,"column":2}}},"fnMap":{"0":{"name":"(anonymous_0)","decl":{"start":{"line":7,"column":26},"end":{"line":7,"column":27}},"loc":{"start":{"line":7,"column":65},"end":{"line":7,"column":null}}}},"branchMap":{"0":{"loc":{"start":{"line":11,"column":13},"end":{"line":11,"column":18}},"type":"binary-expr","locations":[{"start":{"line":11,"column":13},"end":{"line":11,"column":18}},{"start":{"line":11,"column":22},"end":{"line":11,"column":28}}]},"1":{"loc":{"start":{"line":12,"column":21},"end":{"line":12,"column":26}},"type":"binary-expr","locations":[{"start":{"line":12,"column":21},"end":{"line":12,"column":26}},{"start":{"line":12,"column":30},"end":{"line":12,"column":33}}]}},"s":{"0":0,"1":0,"2":0,"3":0,"4":0,"5":0,"6":0},"f":{"0":0},"b":{"0":[0,0],"1":[0,0]}}
,"E:\\JS\\epam-react-js-training\\netflix-roulette\\src\\common\\components\\SelectOptionButtons\\index.tsx": {"path":"E:\\JS\\epam-react-js-training\\netflix-roulette\\src\\common\\components\\SelectOptionButtons\\index.tsx","statementMap":{"0":{"start":{"line":1,"column":0},"end":{"line":1,"column":31}},"1":{"start":{"line":4,"column":0},"end":{"line":4,"column":35}},"2":{"start":{"line":9,"column":0},"end":{"line":9,"column":18}},"3":{"start":{"line":11,"column":13},"end":{"line":38,"column":2}},"4":{"start":{"line":12,"column":2},"end":{"line":12,"column":7}},"5":{"start":{"line":13,"column":2},"end":{"line":13,"column":9}},"6":{"start":{"line":14,"column":2},"end":{"line":14,"column":10}},"7":{"start":{"line":15,"column":2},"end":{"line":15,"column":7}},"8":{"start":{"line":17,"column":2},"end":{"line":37,"column":4}},"9":{"start":{"line":20,"column":22},"end":{"line":20,"column":26}},"10":{"start":{"line":20,"column":28},"end":{"line":20,"column":36}},"11":{"start":{"line":21,"column":27},"end":{"line":21,"column":47}},"12":{"start":{"line":22,"column":8},"end":{"line":34,"column":10}},"13":{"start":{"line":28,"column":14},"end":{"line":30,"column":null}},"14":{"start":{"line":29,"column":16},"end":{"line":29,"column":37}}},"fnMap":{"0":{"name":"(anonymous_0)","decl":{"start":{"line":11,"column":35},"end":{"line":11,"column":63}},"loc":{"start":{"line":16,"column":29},"end":{"line":38,"column":1}}},"1":{"name":"(anonymous_1)","decl":{"start":{"line":20,"column":19},"end":{"line":20,"column":20}},"loc":{"start":{"line":20,"column":38},"end":{"line":35,"column":7}}},"2":{"name":"(anonymous_2)","decl":{"start":{"line":27,"column":21},"end":{"line":27,"column":null}},"loc":{"start":{"line":27,"column":21},"end":{"line":31,"column":13}}}},"branchMap":{"0":{"loc":{"start":{"line":26,"column":31},"end":{"line":26,"column":40}},"type":"cond-expr","locations":[{"start":{"line":26,"column":31},"end":{"line":26,"column":40}},{"start":{"line":26,"column":43},"end":{"line":26,"column":54}}]},"1":{"loc":{"start":{"line":28,"column":14},"end":{"line":30,"column":null}},"type":"if","locations":[{"start":{"line":28,"column":14},"end":{"line":30,"column":null}},{"start":{"line":28,"column":14},"end":{"line":30,"column":null}}]}},"s":{"0":0,"1":0,"2":0,"3":0,"4":0,"5":0,"6":0,"7":0,"8":0,"9":0,"10":0,"11":0,"12":0,"13":0,"14":0},"f":{"0":0,"1":0,"2":0},"b":{"0":[0,0],"1":[0,0]}}
,"E:\\JS\\epam-react-js-training\\netflix-roulette\\src\\common\\utils\\index.ts": {"path":"E:\\JS\\epam-react-js-training\\netflix-roulette\\src\\common\\utils\\index.ts","statementMap":{"0":{"start":{"line":1,"column":0},"end":{"line":1,"column":27}}},"fnMap":{},"branchMap":{},"s":{"0":0},"f":{},"b":{}}
,"E:\\JS\\epam-react-js-training\\netflix-roulette\\src\\common\\utils\\uniqueId.ts": {"path":"E:\\JS\\epam-react-js-training\\netflix-roulette\\src\\common\\utils\\uniqueId.ts","statementMap":{"0":{"start":{"line":1,"column":16},"end":{"line":1,"column":17}},"1":{"start":{"line":8,"column":13},"end":{"line":11,"column":2}},"2":{"start":{"line":9,"column":13},"end":{"line":9,"column":24}},"3":{"start":{"line":10,"column":2},"end":{"line":10,"column":52}},"4":{"start":{"line":13,"column":13},"end":{"line":22,"column":2}},"5":{"start":{"line":14,"column":2},"end":{"line":16,"column":null}},"6":{"start":{"line":15,"column":4},"end":{"line":15,"column":14}},"7":{"start":{"line":17,"column":13},"end":{"line":17,"column":29}},"8":{"start":{"line":18,"column":2},"end":{"line":21,"column":6}},"9":{"start":{"line":18,"column":36},"end":{"line":21,"column":5}}},"fnMap":{"0":{"name":"(anonymous_0)","decl":{"start":{"line":8,"column":24},"end":{"line":8,"column":25}},"loc":{"start":{"line":8,"column":40},"end":{"line":11,"column":1}}},"1":{"name":"(anonymous_1)","decl":{"start":{"line":13,"column":29},"end":{"line":13,"column":33}},"loc":{"start":{"line":13,"column":60},"end":{"line":22,"column":1}}},"2":{"name":"(anonymous_2)","decl":{"start":{"line":18,"column":19},"end":{"line":18,"column":20}},"loc":{"start":{"line":18,"column":31},"end":{"line":18,"column":37}}}},"branchMap":{"0":{"loc":{"start":{"line":10,"column":21},"end":{"line":10,"column":35}},"type":"cond-expr","locations":[{"start":{"line":10,"column":21},"end":{"line":10,"column":35}},{"start":{"line":10,"column":38},"end":{"line":10,"column":51}}]},"1":{"loc":{"start":{"line":14,"column":2},"end":{"line":16,"column":null}},"type":"if","locations":[{"start":{"line":14,"column":2},"end":{"line":16,"column":null}},{"start":{"line":14,"column":2},"end":{"line":16,"column":null}}]}},"s":{"0":0,"1":0,"2":0,"3":0,"4":0,"5":0,"6":0,"7":0,"8":0,"9":0},"f":{"0":0,"1":0,"2":0},"b":{"0":[0,0],"1":[0,0]}}
,"E:\\JS\\epam-react-js-training\\netflix-roulette\\src\\components\\index.ts": {"path":"E:\\JS\\epam-react-js-training\\netflix-roulette\\src\\components\\index.ts","statementMap":{"0":{"start":{"line":1,"column":0},"end":{"line":1,"column":22}},"1":{"start":{"line":2,"column":0},"end":{"line":2,"column":26}},"2":{"start":{"line":3,"column":0},"end":{"line":3,"column":25}},"3":{"start":{"line":4,"column":0},"end":{"line":4,"column":25}},"4":{"start":{"line":5,"column":0},"end":{"line":5,"column":25}},"5":{"start":{"line":6,"column":0},"end":{"line":6,"column":26}}},"fnMap":{},"branchMap":{},"s":{"0":0,"1":0,"2":0,"3":0,"4":0,"5":0},"f":{},"b":{}}
,"E:\\JS\\epam-react-js-training\\netflix-roulette\\src\\components\\App\\index.tsx": {"path":"E:\\JS\\epam-react-js-training\\netflix-roulette\\src\\components\\App\\index.tsx","statementMap":{"0":{"start":{"line":1,"column":0},"end":{"line":1,"column":31}},"1":{"start":{"line":2,"column":0},"end":{"line":2,"column":39}},"2":{"start":{"line":4,"column":0},"end":{"line":4,"column":51}},"3":{"start":{"line":6,"column":0},"end":{"line":6,"column":63}},"4":{"start":{"line":10,"column":0},"end":{"line":10,"column":18}},"5":{"start":{"line":12,"column":13},"end":{"line":25,"column":2}},"6":{"start":{"line":12,"column":22},"end":{"line":12,"column":27}},"7":{"start":{"line":12,"column":44},"end":{"line":25,"column":2}}},"fnMap":{"0":{"name":"(anonymous_0)","decl":{"start":{"line":12,"column":19},"end":{"line":12,"column":20}},"loc":{"start":{"line":12,"column":39},"end":{"line":12,"column":null}}}},"branchMap":{},"s":{"0":0,"1":0,"2":0,"3":0,"4":0,"5":0,"6":0,"7":0},"f":{"0":0},"b":{}}
,"E:\\JS\\epam-react-js-training\\netflix-roulette\\src\\components\\Content\\index.tsx": {"path":"E:\\JS\\epam-react-js-training\\netflix-roulette\\src\\components\\Content\\index.tsx","statementMap":{"0":{"start":{"line":1,"column":0},"end":{"line":1,"column":31}},"1":{"start":{"line":3,"column":0},"end":{"line":3,"column":46}},"2":{"start":{"line":5,"column":0},"end":{"line":5,"column":18}},"3":{"start":{"line":7,"column":13},"end":{"line":13,"column":2}},"4":{"start":{"line":8,"column":2},"end":{"line":12,"column":4}}},"fnMap":{"0":{"name":"(anonymous_0)","decl":{"start":{"line":7,"column":23},"end":{"line":7,"column":null}},"loc":{"start":{"line":7,"column":23},"end":{"line":13,"column":1}}}},"branchMap":{},"s":{"0":0,"1":0,"2":0,"3":0,"4":0},"f":{"0":0},"b":{}}
,"E:\\JS\\epam-react-js-training\\netflix-roulette\\src\\components\\Content\\components\\index.ts": {"path":"E:\\JS\\epam-react-js-training\\netflix-roulette\\src\\components\\Content\\components\\index.ts","statementMap":{"0":{"start":{"line":1,"column":0},"end":{"line":1,"column":28}},"1":{"start":{"line":2,"column":0},"end":{"line":2,"column":33}},"2":{"start":{"line":3,"column":0},"end":{"line":3,"column":34}}},"fnMap":{},"branchMap":{},"s":{"0":0,"1":0,"2":0},"f":{},"b":{}}
,"E:\\JS\\epam-react-js-training\\netflix-roulette\\src\\components\\Content\\components\\MovieCard\\index.tsx": {"path":"E:\\JS\\epam-react-js-training\\netflix-roulette\\src\\components\\Content\\components\\MovieCard\\index.tsx","statementMap":{"0":{"start":{"line":1,"column":0},"end":{"line":1,"column":31}},"1":{"start":{"line":3,"column":0},"end":{"line":3,"column":66}},"2":{"start":{"line":7,"column":0},"end":{"line":7,"column":18}},"3":{"start":{"line":9,"column":13},"end":{"line":22,"column":2}},"4":{"start":{"line":9,"column":28},"end":{"line":9,"column":33}},"5":{"start":{"line":9,"column":35},"end":{"line":9,"column":41}},"6":{"start":{"line":9,"column":43},"end":{"line":9,"column":47}},"7":{"start":{"line":9,"column":49},"end":{"line":9,"column":57}},"8":{"start":{"line":9,"column":80},"end":{"line":22,"column":2}}},"fnMap":{"0":{"name":"(anonymous_0)","decl":{"start":{"line":9,"column":25},"end":{"line":9,"column":26}},"loc":{"start":{"line":9,"column":75},"end":{"line":9,"column":null}}}},"branchMap":{},"s":{"0":0,"1":0,"2":0,"3":0,"4":0,"5":0,"6":0,"7":0,"8":0},"f":{"0":0},"b":{}}
,"E:\\JS\\epam-react-js-training\\netflix-roulette\\src\\components\\Content\\components\\MovieContainer\\index.tsx": {"path":"E:\\JS\\epam-react-js-training\\netflix-roulette\\src\\components\\Content\\components\\MovieContainer\\index.tsx","statementMap":{"0":{"start":{"line":1,"column":0},"end":{"line":1,"column":31}},"1":{"start":{"line":3,"column":0},"end":{"line":3,"column":44}},"2":{"start":{"line":4,"column":0},"end":{"line":4,"column":51}},"3":{"start":{"line":6,"column":0},"end":{"line":6,"column":49}},"4":{"start":{"line":10,"column":0},"end":{"line":10,"column":18}},"5":{"start":{"line":12,"column":17},"end":{"line":12,"column":18}},"6":{"start":{"line":14,"column":32},"end":{"line":46,"column":1}},"7":{"start":{"line":15,"column":2},"end":{"line":15,"column":16}},"8":{"start":{"line":15,"column":16},"end":{"line":15,"column":22}},"9":{"start":{"line":15,"column":24},"end":{"line":15,"column":31}},"10":{"start":{"line":15,"column":33},"end":{"line":15,"column":39}},"11":{"start":{"line":16,"column":2},"end":{"line":16,"column":14}},"12":{"start":{"line":17,"column":2},"end":{"line":17,"column":12}},"13":{"start":{"line":19,"column":2},"end":{"line":21,"column":9}},"14":{"start":{"line":20,"column":4},"end":{"line":20,"column":38}},"15":{"start":{"line":22,"column":2},"end":{"line":24,"column":null}},"16":{"start":{"line":23,"column":4},"end":{"line":23,"column":40}},"17":{"start":{"line":25,"column":2},"end":{"line":45,"column":4}},"18":{"start":{"line":34,"column":31},"end":{"line":42,"column":10}},"19":{"start":{"line":48,"column":13},"end":{"line":48,"column":66}}},"fnMap":{"0":{"name":"(anonymous_0)","decl":{"start":{"line":14,"column":32},"end":{"line":14,"column":33}},"loc":{"start":{"line":18,"column":31},"end":{"line":46,"column":1}}},"1":{"name":"(anonymous_1)","decl":{"start":{"line":19,"column":18},"end":{"line":19,"column":null}},"loc":{"start":{"line":19,"column":18},"end":{"line":21,"column":3}}},"2":{"name":"(anonymous_2)","decl":{"start":{"line":34,"column":20},"end":{"line":34,"column":21}},"loc":{"start":{"line":34,"column":26},"end":{"line":34,"column":null}}}},"branchMap":{"0":{"loc":{"start":{"line":22,"column":2},"end":{"line":24,"column":null}},"type":"if","locations":[{"start":{"line":22,"column":2},"end":{"line":24,"column":null}},{"start":{"line":22,"column":2},"end":{"line":24,"column":null}}]},"1":{"loc":{"start":{"line":22,"column":6},"end":{"line":22,"column":13}},"type":"binary-expr","locations":[{"start":{"line":22,"column":6},"end":{"line":22,"column":13}},{"start":{"line":22,"column":17},"end":{"line":22,"column":31}}]}},"s":{"0":0,"1":0,"2":0,"3":0,"4":0,"5":0,"6":0,"7":0,"8":0,"9":0,"10":0,"11":0,"12":0,"13":0,"14":0,"15":0,"16":0,"17":0,"18":0,"19":0},"f":{"0":0,"1":0,"2":0},"b":{"0":[0,0],"1":[0,0]}}
,"E:\\JS\\epam-react-js-training\\netflix-roulette\\src\\components\\Content\\components\\MoviePagination\\index.tsx": {"path":"E:\\JS\\epam-react-js-training\\netflix-roulette\\src\\components\\Content\\components\\MoviePagination\\index.tsx","statementMap":{"0":{"start":{"line":1,"column":0},"end":{"line":1,"column":31}},"1":{"start":{"line":4,"column":0},"end":{"line":4,"column":44}},"2":{"start":{"line":6,"column":0},"end":{"line":6,"column":96}},"3":{"start":{"line":6,"column":37},"end":{"line":6,"column":42}},"4":{"start":{"line":8,"column":4},"end":{"line":8,"column":null}},"5":{"start":{"line":29,"column":10},"end":{"line":34,"column":4}},"6":{"start":{"line":30,"column":4},"end":{"line":32,"column":null}},"7":{"start":{"line":31,"column":6},"end":{"line":31,"column":13}},"8":{"start":{"line":33,"column":4},"end":{"line":33,"column":24}},"9":{"start":{"line":36,"column":10},"end":{"line":47,"column":4}},"10":{"start":{"line":37,"column":12},"end":{"line":37,"column":16}},"11":{"start":{"line":37,"column":18},"end":{"line":37,"column":39}},"12":{"start":{"line":38,"column":22},"end":{"line":43,"column":null}},"13":{"start":{"line":45,"column":25},"end":{"line":45,"column":64}},"14":{"start":{"line":46,"column":4},"end":{"line":46,"column":37}},"15":{"start":{"line":11,"column":2},"end":{"line":13,"column":null}},"16":{"start":{"line":12,"column":4},"end":{"line":12,"column":57}},"17":{"start":{"line":15,"column":2},"end":{"line":17,"column":null}},"18":{"start":{"line":16,"column":4},"end":{"line":16,"column":60}},"19":{"start":{"line":19,"column":2},"end":{"line":27,"column":null}},"20":{"start":{"line":20,"column":10},"end":{"line":20,"column":12}},"21":{"start":{"line":20,"column":12},"end":{"line":20,"column":19}},"22":{"start":{"line":20,"column":21},"end":{"line":20,"column":44}},"23":{"start":{"line":21,"column":4},"end":{"line":26,"column":6}},"24":{"start":{"line":49,"column":10},"end":{"line":57,"column":null}},"25":{"start":{"line":50,"column":10},"end":{"line":50,"column":12}},"26":{"start":{"line":50,"column":12},"end":{"line":50,"column":23}},"27":{"start":{"line":50,"column":25},"end":{"line":50,"column":31}},"28":{"start":{"line":50,"column":33},"end":{"line":50,"column":41}},"29":{"start":{"line":50,"column":43},"end":{"line":50,"column":63}},"30":{"start":{"line":51,"column":4},"end":{"line":56,"column":null}},"31":{"start":{"line":52,"column":6},"end":{"line":55,"column":9}},"32":{"start":{"line":58,"column":0},"end":{"line":58,"column":null}},"33":{"start":{"line":6,"column":13},"end":{"line":6,"column":28}}},"fnMap":{"0":{"name":"(anonymous_6)","decl":{"start":{"line":6,"column":0},"end":{"line":6,"column":13}},"loc":{"start":{"line":6,"column":0},"end":{"line":58,"column":null}}},"1":{"name":"MoviePagination","decl":{"start":{"line":7,"column":2},"end":{"line":7,"column":14}},"loc":{"start":{"line":7,"column":41},"end":{"line":9,"column":3}}},"2":{"name":"(anonymous_8)","decl":{"start":{"line":29,"column":25},"end":{"line":29,"column":null}},"loc":{"start":{"line":29,"column":25},"end":{"line":34,"column":3}}},"3":{"name":"(anonymous_9)","decl":{"start":{"line":36,"column":24},"end":{"line":36,"column":null}},"loc":{"start":{"line":36,"column":24},"end":{"line":47,"column":3}}},"4":{"name":"(anonymous_10)","decl":{"start":{"line":11,"column":2},"end":{"line":11,"column":19}},"loc":{"start":{"line":11,"column":2},"end":{"line":13,"column":3}}},"5":{"name":"(anonymous_11)","decl":{"start":{"line":15,"column":2},"end":{"line":15,"column":22}},"loc":{"start":{"line":15,"column":2},"end":{"line":17,"column":3}}},"6":{"name":"(anonymous_12)","decl":{"start":{"line":19,"column":2},"end":{"line":19,"column":8}},"loc":{"start":{"line":19,"column":2},"end":{"line":27,"column":3}}},"7":{"name":"(anonymous_13)","decl":{"start":{"line":49,"column":2},"end":{"line":49,"column":10}},"loc":{"start":{"line":49,"column":2},"end":{"line":57,"column":3}}}},"branchMap":{"0":{"loc":{"start":{"line":8,"column":4},"end":{"line":8,"column":16}},"type":"binary-expr","locations":[{"start":{"line":8,"column":4},"end":{"line":8,"column":16}},{"start":{"line":8,"column":16},"end":{"line":8,"column":null}}]},"1":{"loc":{"start":{"line":30,"column":4},"end":{"line":32,"column":null}},"type":"if","locations":[{"start":{"line":30,"column":4},"end":{"line":32,"column":null}},{"start":{"line":30,"column":4},"end":{"line":32,"column":null}}]},"2":{"loc":{"start":{"line":51,"column":4},"end":{"line":56,"column":null}},"type":"if","locations":[{"start":{"line":51,"column":4},"end":{"line":56,"column":null}},{"start":{"line":51,"column":4},"end":{"line":56,"column":null}}]}},"s":{"0":0,"1":0,"2":0,"3":0,"4":0,"5":0,"6":0,"7":0,"8":0,"9":0,"10":0,"11":0,"12":0,"13":0,"14":0,"15":0,"16":0,"17":0,"18":0,"19":0,"20":0,"21":0,"22":0,"23":0,"24":0,"25":0,"26":0,"27":0,"28":0,"29":0,"30":0,"31":0,"32":0,"33":0},"f":{"0":0,"1":0,"2":0,"3":0,"4":0,"5":0,"6":0,"7":0},"b":{"0":[0,0],"1":[0,0],"2":[0,0]}}
,"E:\\JS\\epam-react-js-training\\netflix-roulette\\src\\components\\Footer\\index.tsx": {"path":"E:\\JS\\epam-react-js-training\\netflix-roulette\\src\\components\\Footer\\index.tsx","statementMap":{"0":{"start":{"line":1,"column":0},"end":{"line":1,"column":31}},"1":{"start":{"line":3,"column":0},"end":{"line":3,"column":47}},"2":{"start":{"line":5,"column":0},"end":{"line":5,"column":18}},"3":{"start":{"line":7,"column":13},"end":{"line":11,"column":2}},"4":{"start":{"line":7,"column":28},"end":{"line":11,"column":2}}},"fnMap":{"0":{"name":"(anonymous_0)","decl":{"start":{"line":7,"column":22},"end":{"line":7,"column":28}},"loc":{"start":{"line":7,"column":22},"end":{"line":7,"column":null}}}},"branchMap":{},"s":{"0":0,"1":0,"2":0,"3":0,"4":0},"f":{"0":0},"b":{}}
,"E:\\JS\\epam-react-js-training\\netflix-roulette\\src\\components\\Header\\index.tsx": {"path":"E:\\JS\\epam-react-js-training\\netflix-roulette\\src\\components\\Header\\index.tsx","statementMap":{"0":{"start":{"line":1,"column":0},"end":{"line":1,"column":31}},"1":{"start":{"line":3,"column":0},"end":{"line":3,"column":47}},"2":{"start":{"line":7,"column":0},"end":{"line":7,"column":18}},"3":{"start":{"line":9,"column":13},"end":{"line":17,"column":2}},"4":{"start":{"line":9,"column":25},"end":{"line":9,"column":33}},"5":{"start":{"line":9,"column":53},"end":{"line":17,"column":2}}},"fnMap":{"0":{"name":"(anonymous_0)","decl":{"start":{"line":9,"column":22},"end":{"line":9,"column":23}},"loc":{"start":{"line":9,"column":48},"end":{"line":9,"column":null}}}},"branchMap":{},"s":{"0":0,"1":0,"2":0,"3":0,"4":0,"5":0},"f":{"0":0},"b":{}}
,"E:\\JS\\epam-react-js-training\\netflix-roulette\\src\\components\\InfoBar\\constatns.ts": {"path":"E:\\JS\\epam-react-js-training\\netflix-roulette\\src\\components\\InfoBar\\constatns.ts","statementMap":{"0":{"start":{"line":1,"column":0},"end":{"line":1,"column":46}},"1":{"start":{"line":5,"column":13},"end":{"line":11,"column":2}}},"fnMap":{},"branchMap":{},"s":{"0":0,"1":0},"f":{},"b":{}}
,"E:\\JS\\epam-react-js-training\\netflix-roulette\\src\\components\\InfoBar\\index.tsx": {"path":"E:\\JS\\epam-react-js-training\\netflix-roulette\\src\\components\\InfoBar\\index.tsx","statementMap":{"0":{"start":{"line":1,"column":0},"end":{"line":1,"column":31}},"1":{"start":{"line":2,"column":0},"end":{"line":2,"column":32}},"2":{"start":{"line":5,"column":0},"end":{"line":5,"column":51}},"3":{"start":{"line":6,"column":0},"end":{"line":6,"column":64}},"4":{"start":{"line":7,"column":0},"end":{"line":7,"column":51}},"5":{"start":{"line":10,"column":0},"end":{"line":10,"column":38}},"6":{"start":{"line":12,"column":0},"end":{"line":12,"column":18}},"7":{"start":{"line":14,"column":13},"end":{"line":55,"column":2}},"8":{"start":{"line":15,"column":2},"end":{"line":15,"column":8}},"9":{"start":{"line":16,"column":2},"end":{"line":16,"column":11}},"10":{"start":{"line":17,"column":16},"end":{"line":17,"column":22}},"11":{"start":{"line":18,"column":2},"end":{"line":18,"column":14}},"12":{"start":{"line":20,"column":22},"end":{"line":20,"column":41}},"13":{"start":{"line":21,"column":2},"end":{"line":33,"column":22}},"14":{"start":{"line":22,"column":4},"end":{"line":32,"column":null}},"15":{"start":{"line":23,"column":6},"end":{"line":29,"column":8}},"16":{"start":{"line":31,"column":6},"end":{"line":31,"column":33}},"17":{"start":{"line":35,"column":27},"end":{"line":39,"column":null}},"18":{"start":{"line":37,"column":6},"end":{"line":37,"column":35}},"19":{"start":{"line":42,"column":2},"end":{"line":54,"column":4}},"20":{"start":{"line":57,"column":13},"end":{"line":57,"column":94}}},"fnMap":{"0":{"name":"(anonymous_0)","decl":{"start":{"line":14,"column":32},"end":{"line":14,"column":33}},"loc":{"start":{"line":19,"column":24},"end":{"line":55,"column":1}}},"1":{"name":"(anonymous_1)","decl":{"start":{"line":21,"column":18},"end":{"line":21,"column":null}},"loc":{"start":{"line":21,"column":18},"end":{"line":33,"column":3}}},"2":{"name":"(anonymous_2)","decl":{"start":{"line":36,"column":4},"end":{"line":36,"column":5}},"loc":{"start":{"line":36,"column":18},"end":{"line":38,"column":5}}}},"branchMap":{"0":{"loc":{"start":{"line":22,"column":4},"end":{"line":32,"column":null}},"type":"if","locations":[{"start":{"line":22,"column":4},"end":{"line":32,"column":null}},{"start":{"line":22,"column":4},"end":{"line":32,"column":null}}]}},"s":{"0":0,"1":0,"2":0,"3":0,"4":0,"5":0,"6":0,"7":0,"8":0,"9":0,"10":0,"11":0,"12":0,"13":0,"14":0,"15":0,"16":0,"17":0,"18":0,"19":0,"20":0},"f":{"0":0,"1":0,"2":0},"b":{"0":[0,0]}}
,"E:\\JS\\epam-react-js-training\\netflix-roulette\\src\\components\\Search\\constants.ts": {"path":"E:\\JS\\epam-react-js-training\\netflix-roulette\\src\\components\\Search\\constants.ts","statementMap":{"0":{"start":{"line":1,"column":0},"end":{"line":1,"column":46}},"1":{"start":{"line":5,"column":13},"end":{"line":11,"column":2}}},"fnMap":{},"branchMap":{},"s":{"0":0,"1":0},"f":{},"b":{}}
,"E:\\JS\\epam-react-js-training\\netflix-roulette\\src\\components\\Search\\index.tsx": {"path":"E:\\JS\\epam-react-js-training\\netflix-roulette\\src\\components\\Search\\index.tsx","statementMap":{"0":{"start":{"line":1,"column":0},"end":{"line":1,"column":31}},"1":{"start":{"line":2,"column":0},"end":{"line":2,"column":32}},"2":{"start":{"line":5,"column":0},"end":{"line":5,"column":79}},"3":{"start":{"line":6,"column":0},"end":{"line":6,"column":63}},"4":{"start":{"line":9,"column":0},"end":{"line":9,"column":38}},"5":{"start":{"line":11,"column":0},"end":{"line":11,"column":18}},"6":{"start":{"line":12,"column":0},"end":{"line":12,"column":51}},"7":{"start":{"line":14,"column":19},"end":{"line":14,"column":20}},"8":{"start":{"line":16,"column":24},"end":{"line":42,"column":1}},"9":{"start":{"line":16,"column":27},"end":{"line":16,"column":33}},"10":{"start":{"line":16,"column":35},"end":{"line":16,"column":44}},"11":{"start":{"line":16,"column":46},"end":{"line":16,"column":58}},"12":{"start":{"line":17,"column":8},"end":{"line":17,"column":9}},"13":{"start":{"line":17,"column":9},"end":{"line":17,"column":15}},"14":{"start":{"line":17,"column":17},"end":{"line":17,"column":56}},"15":{"start":{"line":18,"column":8},"end":{"line":18,"column":9}},"16":{"start":{"line":18,"column":9},"end":{"line":18,"column":17}},"17":{"start":{"line":18,"column":19},"end":{"line":18,"column":67}},"18":{"start":{"line":20,"column":26},"end":{"line":26,"column":43}},"19":{"start":{"line":21,"column":4},"end":{"line":24,"column":7}},"20":{"start":{"line":25,"column":4},"end":{"line":25,"column":40}},"21":{"start":{"line":28,"column":2},"end":{"line":41,"column":4}},"22":{"start":{"line":44,"column":13},"end":{"line":44,"column":104}}},"fnMap":{"0":{"name":"(anonymous_0)","decl":{"start":{"line":16,"column":24},"end":{"line":16,"column":25}},"loc":{"start":{"line":16,"column":82},"end":{"line":42,"column":1}}},"1":{"name":"(anonymous_1)","decl":{"start":{"line":20,"column":44},"end":{"line":20,"column":null}},"loc":{"start":{"line":20,"column":44},"end":{"line":26,"column":3}}}},"branchMap":{},"s":{"0":0,"1":0,"2":0,"3":0,"4":0,"5":0,"6":0,"7":0,"8":0,"9":0,"10":0,"11":0,"12":0,"13":0,"14":0,"15":0,"16":0,"17":0,"18":0,"19":0,"20":0,"21":0,"22":0},"f":{"0":0,"1":0},"b":{}}
,"E:\\JS\\epam-react-js-training\\netflix-roulette\\src\\enhancers\\withFilter\\index.ts": {"path":"E:\\JS\\epam-react-js-training\\netflix-roulette\\src\\enhancers\\withFilter\\index.ts","statementMap":{"0":{"start":{"line":1,"column":0},"end":{"line":1,"column":38}},"1":{"start":{"line":2,"column":0},"end":{"line":2,"column":53}},"2":{"start":{"line":5,"column":0},"end":{"line":5,"column":40}},"3":{"start":{"line":11,"column":24},"end":{"line":11,"column":67}},"4":{"start":{"line":11,"column":66},"end":{"line":11,"column":99}},"5":{"start":{"line":13,"column":13},"end":{"line":13,"column":55}},"6":{"start":{"line":15,"column":27},"end":{"line":16,"column":20}},"7":{"start":{"line":16,"column":2},"end":{"line":21,"column":4}},"8":{"start":{"line":23,"column":13},"end":{"line":23,"column":68}},"9":{"start":{"line":25,"column":13},"end":{"line":25,"column":71}}},"fnMap":{"0":{"name":"(anonymous_0)","decl":{"start":{"line":11,"column":24},"end":{"line":11,"column":25}},"loc":{"start":{"line":11,"column":40},"end":{"line":11,"column":67}}},"1":{"name":"(anonymous_1)","decl":{"start":{"line":15,"column":27},"end":{"line":15,"column":28}},"loc":{"start":{"line":15,"column":46},"end":{"line":16,"column":20}}}},"branchMap":{},"s":{"0":0,"1":0,"2":0,"3":0,"4":0,"5":0,"6":0,"7":0,"8":0,"9":0},"f":{"0":0,"1":0},"b":{}}
,"E:\\JS\\epam-react-js-training\\netflix-roulette\\src\\enhancers\\withMovies\\index.ts": {"path":"E:\\JS\\epam-react-js-training\\netflix-roulette\\src\\enhancers\\withMovies\\index.ts","statementMap":{"0":{"start":{"line":1,"column":0},"end":{"line":1,"column":38}},"1":{"start":{"line":2,"column":0},"end":{"line":2,"column":53}},"2":{"start":{"line":5,"column":0},"end":{"line":5,"column":45}},"3":{"start":{"line":11,"column":24},"end":{"line":11,"column":76}},"4":{"start":{"line":11,"column":27},"end":{"line":11,"column":37}},"5":{"start":{"line":11,"column":75},"end":{"line":11,"column":92}},"6":{"start":{"line":13,"column":13},"end":{"line":13,"column":55}},"7":{"start":{"line":15,"column":27},"end":{"line":16,"column":20}},"8":{"start":{"line":16,"column":2},"end":{"line":22,"column":4}},"9":{"start":{"line":24,"column":13},"end":{"line":24,"column":72}},"10":{"start":{"line":26,"column":13},"end":{"line":26,"column":71}}},"fnMap":{"0":{"name":"(anonymous_0)","decl":{"start":{"line":11,"column":24},"end":{"line":11,"column":25}},"loc":{"start":{"line":11,"column":49},"end":{"line":11,"column":76}}},"1":{"name":"(anonymous_1)","decl":{"start":{"line":15,"column":27},"end":{"line":15,"column":28}},"loc":{"start":{"line":15,"column":46},"end":{"line":16,"column":20}}}},"branchMap":{},"s":{"0":0,"1":0,"2":0,"3":0,"4":0,"5":0,"6":0,"7":0,"8":0,"9":0,"10":0},"f":{"0":0,"1":0},"b":{}}
,"E:\\JS\\epam-react-js-training\\netflix-roulette\\src\\store\\index.ts": {"path":"E:\\JS\\epam-react-js-training\\netflix-roulette\\src\\store\\index.ts","statementMap":{"0":{"start":{"line":1,"column":0},"end":{"line":1,"column":82}},"1":{"start":{"line":2,"column":0},"end":{"line":2,"column":32}},"2":{"start":{"line":5,"column":0},"end":{"line":5,"column":44}},"3":{"start":{"line":12,"column":0},"end":{"line":12,"column":null}},"4":{"start":{"line":20,"column":29},"end":{"line":20,"column":54}},"5":{"start":{"line":21,"column":21},"end":{"line":21,"column":61}},"6":{"start":{"line":23,"column":4},"end":{"line":23,"column":82}},"7":{"start":{"line":15,"column":2},"end":{"line":17,"column":null}},"8":{"start":{"line":16,"column":4},"end":{"line":16,"column":30}},"9":{"start":{"line":26,"column":10},"end":{"line":35,"column":null}},"10":{"start":{"line":28,"column":4},"end":{"line":30,"column":null}},"11":{"start":{"line":29,"column":6},"end":{"line":29,"column":21}},"12":{"start":{"line":32,"column":4},"end":{"line":34,"column":16}},"13":{"start":{"line":36,"column":0},"end":{"line":36,"column":null}}},"fnMap":{"0":{"name":"(anonymous_0)","decl":{"start":{"line":12,"column":0},"end":{"line":12,"column":null}},"loc":{"start":{"line":12,"column":0},"end":{"line":36,"column":null}}},"1":{"name":"AppStore","decl":{"start":{"line":19,"column":2},"end":{"line":19,"column":21}},"loc":{"start":{"line":19,"column":59},"end":{"line":24,"column":3}}},"2":{"name":"(anonymous_2)","decl":{"start":{"line":15,"column":2},"end":{"line":15,"column":13}},"loc":{"start":{"line":15,"column":2},"end":{"line":17,"column":3}}},"3":{"name":"(anonymous_3)","decl":{"start":{"line":26,"column":2},"end":{"line":26,"column":10}},"loc":{"start":{"line":26,"column":2},"end":{"line":35,"column":3}}}},"branchMap":{"0":{"loc":{"start":{"line":28,"column":4},"end":{"line":30,"column":null}},"type":"if","locations":[{"start":{"line":28,"column":4},"end":{"line":30,"column":null}},{"start":{"line":28,"column":4},"end":{"line":30,"column":null}}]},"1":{"loc":{"start":{"line":33,"column":8},"end":{"line":33,"column":54}},"type":"cond-expr","locations":[{"start":{"line":33,"column":8},"end":{"line":33,"column":54}},{"start":{"line":34,"column":8},"end":{"line":34,"column":15}}]},"2":{"loc":{"start":{"line":32,"column":11},"end":{"line":32,"column":37}},"type":"binary-expr","locations":[{"start":{"line":32,"column":11},"end":{"line":32,"column":37}},{"start":{"line":32,"column":41},"end":{"line":32,"column":87}}]}},"s":{"0":0,"1":0,"2":0,"3":0,"4":0,"5":0,"6":0,"7":0,"8":0,"9":0,"10":0,"11":0,"12":0,"13":0},"f":{"0":0,"1":0,"2":0,"3":0},"b":{"0":[0,0],"1":[0,0],"2":[0,0]}}
,"E:\\JS\\epam-react-js-training\\netflix-roulette\\src\\store\\reducer.ts": {"path":"E:\\JS\\epam-react-js-training\\netflix-roulette\\src\\store\\reducer.ts","statementMap":{"0":{"start":{"line":1,"column":0},"end":{"line":1,"column":40}},"1":{"start":{"line":3,"column":0},"end":{"line":3,"column":39}},"2":{"start":{"line":4,"column":0},"end":{"line":4,"column":41}},"3":{"start":{"line":8,"column":13},"end":{"line":12,"column":5}},"4":{"start":{"line":9,"column":2},"end":{"line":12,"column":5}}},"fnMap":{"0":{"name":"(anonymous_0)","decl":{"start":{"line":8,"column":31},"end":{"line":8,"column":null}},"loc":{"start":{"line":8,"column":31},"end":{"line":9,"column":17}}}},"branchMap":{},"s":{"0":0,"1":0,"2":0,"3":0,"4":0},"f":{"0":0},"b":{}}
,"E:\\JS\\epam-react-js-training\\netflix-roulette\\src\\store\\filter\\actions.ts": {"path":"E:\\JS\\epam-react-js-training\\netflix-roulette\\src\\store\\filter\\actions.ts","statementMap":{"0":{"start":{"line":1,"column":0},"end":{"line":1,"column":45}},"1":{"start":{"line":4,"column":13},"end":{"line":6,"column":2}},"2":{"start":{"line":8,"column":18},"end":{"line":10,"column":null}},"3":{"start":{"line":10,"column":15},"end":{"line":10,"column":null}},"4":{"start":{"line":13,"column":13},"end":{"line":15,"column":2}}},"fnMap":{"0":{"name":"(anonymous_0)","decl":{"start":{"line":10,"column":2},"end":{"line":10,"column":3}},"loc":{"start":{"line":10,"column":10},"end":{"line":10,"column":22}}}},"branchMap":{},"s":{"0":2,"1":2,"2":2,"3":1,"4":2},"f":{"0":1},"b":{}}
,"E:\\JS\\epam-react-js-training\\netflix-roulette\\src\\store\\filter\\index.ts": {"path":"E:\\JS\\epam-react-js-training\\netflix-roulette\\src\\store\\filter\\index.ts","statementMap":{"0":{"start":{"line":2,"column":0},"end":{"line":2,"column":26}},"1":{"start":{"line":3,"column":0},"end":{"line":3,"column":26}}},"fnMap":{},"branchMap":{},"s":{"0":2,"1":2},"f":{},"b":{}}
,"E:\\JS\\epam-react-js-training\\netflix-roulette\\src\\store\\filter\\reducer.ts": {"path":"E:\\JS\\epam-react-js-training\\netflix-roulette\\src\\store\\filter\\reducer.ts","statementMap":{"0":{"start":{"line":1,"column":0},"end":{"line":1,"column":46}},"1":{"start":{"line":3,"column":0},"end":{"line":3,"column":41}},"2":{"start":{"line":6,"column":13},"end":{"line":12,"column":2}},"3":{"start":{"line":14,"column":13},"end":{"line":22,"column":2}},"4":{"start":{"line":16,"column":50},"end":{"line":19,"column":null}}},"fnMap":{"0":{"name":"(anonymous_2)","decl":{"start":{"line":16,"column":31},"end":{"line":16,"column":32}},"loc":{"start":{"line":16,"column":45},"end":{"line":16,"column":null}}}},"branchMap":{},"s":{"0":2,"1":2,"2":2,"3":2,"4":1},"f":{"0":1},"b":{}}
,"E:\\JS\\epam-react-js-training\\netflix-roulette\\src\\store\\movies\\actions.ts": {"path":"E:\\JS\\epam-react-js-training\\netflix-roulette\\src\\store\\movies\\actions.ts","statementMap":{"0":{"start":{"line":3,"column":0},"end":{"line":3,"column":45}},"1":{"start":{"line":6,"column":0},"end":{"line":6,"column":61}},"2":{"start":{"line":10,"column":13},"end":{"line":15,"column":2}},"3":{"start":{"line":17,"column":20},"end":{"line":17,"column":117}},"4":{"start":{"line":17,"column":109},"end":{"line":17,"column":117}},"5":{"start":{"line":19,"column":25},"end":{"line":21,"column":null}},"6":{"start":{"line":21,"column":15},"end":{"line":21,"column":null}},"7":{"start":{"line":24,"column":28},"end":{"line":26,"column":null}},"8":{"start":{"line":26,"column":15},"end":{"line":26,"column":null}},"9":{"start":{"line":29,"column":25},"end":{"line":29,"column":118}},"10":{"start":{"line":29,"column":110},"end":{"line":29,"column":118}},"11":{"start":{"line":31,"column":13},"end":{"line":36,"column":2}},"12":{"start":{"line":38,"column":21},"end":{"line":41,"column":65}},"13":{"start":{"line":41,"column":58},"end":{"line":59,"column":2}},"14":{"start":{"line":41,"column":82},"end":{"line":59,"column":2}},"15":{"start":{"line":42,"column":2},"end":{"line":42,"column":68}},"16":{"start":{"line":43,"column":10},"end":{"line":43,"column":27}},"17":{"start":{"line":44,"column":49},"end":{"line":44,"column":null}},"18":{"start":{"line":44,"column":8},"end":{"line":44,"column":49}},"19":{"start":{"line":45,"column":2},"end":{"line":58,"column":null}},"20":{"start":{"line":46,"column":4},"end":{"line":46,"column":58}},"21":{"start":{"line":48,"column":4},"end":{"line":57,"column":6}},"22":{"start":{"line":61,"column":19},"end":{"line":61,"column":null}},"23":{"start":{"line":61,"column":92},"end":{"line":82,"column":2}},"24":{"start":{"line":63,"column":9},"end":{"line":82,"column":2}},"25":{"start":{"line":65,"column":2},"end":{"line":65,"column":56}},"26":{"start":{"line":66,"column":10},"end":{"line":66,"column":27}},"27":{"start":{"line":67,"column":49},"end":{"line":67,"column":null}},"28":{"start":{"line":67,"column":8},"end":{"line":67,"column":49}},"29":{"start":{"line":68,"column":2},"end":{"line":81,"column":null}},"30":{"start":{"line":69,"column":4},"end":{"line":69,"column":58}},"31":{"start":{"line":71,"column":4},"end":{"line":80,"column":6}},"32":{"start":{"line":84,"column":13},"end":{"line":87,"column":2}}},"fnMap":{"0":{"name":"(anonymous_13)","decl":{"start":{"line":17,"column":96},"end":{"line":17,"column":97}},"loc":{"start":{"line":17,"column":104},"end":{"line":17,"column":116}}},"1":{"name":"(anonymous_14)","decl":{"start":{"line":21,"column":2},"end":{"line":21,"column":3}},"loc":{"start":{"line":21,"column":10},"end":{"line":21,"column":22}}},"2":{"name":"(anonymous_15)","decl":{"start":{"line":26,"column":2},"end":{"line":26,"column":3}},"loc":{"start":{"line":26,"column":10},"end":{"line":26,"column":22}}},"3":{"name":"(anonymous_16)","decl":{"start":{"line":29,"column":97},"end":{"line":29,"column":98}},"loc":{"start":{"line":29,"column":105},"end":{"line":29,"column":117}}},"4":{"name":"(anonymous_17)","decl":{"start":{"line":38,"column":21},"end":{"line":38,"column":null}},"loc":{"start":{"line":40,"column":22},"end":{"line":41,"column":65}}},"5":{"name":"(anonymous_18)","decl":{"start":{"line":41,"column":58},"end":{"line":41,"column":65}},"loc":{"start":{"line":41,"column":82},"end":{"line":59,"column":2}}},"6":{"name":"(anonymous_19)","decl":{"start":{"line":41,"column":82},"end":{"line":41,"column":null}},"loc":{"start":{"line":41,"column":82},"end":{"line":59,"column":2}}},"7":{"name":"(anonymous_21)","decl":{"start":{"line":61,"column":19},"end":{"line":61,"column":20}},"loc":{"start":{"line":61,"column":34},"end":{"line":61,"column":null}}},"8":{"name":"(anonymous_22)","decl":{"start":{"line":61,"column":92},"end":{"line":61,"column":null}},"loc":{"start":{"line":63,"column":9},"end":{"line":82,"column":2}}},"9":{"name":"(anonymous_23)","decl":{"start":{"line":63,"column":9},"end":{"line":63,"column":null}},"loc":{"start":{"line":63,"column":9},"end":{"line":82,"column":2}}}},"branchMap":{"0":{"loc":{"start":{"line":44,"column":73},"end":{"line":44,"column":79}},"type":"binary-expr","locations":[{"start":{"line":44,"column":73},"end":{"line":44,"column":79}},{"start":{"line":44,"column":83},"end":{"line":44,"column":95}}]},"1":{"loc":{"start":{"line":45,"column":2},"end":{"line":58,"column":null}},"type":"if","locations":[{"start":{"line":45,"column":2},"end":{"line":58,"column":null}},{"start":{"line":45,"column":2},"end":{"line":58,"column":null}}]},"2":{"loc":{"start":{"line":68,"column":2},"end":{"line":81,"column":null}},"type":"if","locations":[{"start":{"line":68,"column":2},"end":{"line":81,"column":null}},{"start":{"line":68,"column":2},"end":{"line":81,"column":null}}]}},"s":{"0":2,"1":2,"2":2,"3":2,"4":9,"5":2,"6":5,"7":2,"8":3,"9":2,"10":3,"11":2,"12":2,"13":2,"14":2,"15":2,"16":2,"17":2,"18":2,"19":2,"20":1,"21":1,"22":2,"23":2,"24":2,"25":2,"26":2,"27":2,"28":2,"29":2,"30":1,"31":1,"32":2},"f":{"0":9,"1":5,"2":3,"3":3,"4":2,"5":2,"6":2,"7":2,"8":2,"9":2},"b":{"0":[2,2],"1":[1,1],"2":[1,1]}}
,"E:\\JS\\epam-react-js-training\\netflix-roulette\\src\\store\\movies\\index.ts": {"path":"E:\\JS\\epam-react-js-training\\netflix-roulette\\src\\store\\movies\\index.ts","statementMap":{"0":{"start":{"line":2,"column":0},"end":{"line":2,"column":26}},"1":{"start":{"line":3,"column":0},"end":{"line":3,"column":26}}},"fnMap":{},"branchMap":{},"s":{"0":2,"1":2},"f":{},"b":{}}
,"E:\\JS\\epam-react-js-training\\netflix-roulette\\src\\store\\movies\\reducer.ts": {"path":"E:\\JS\\epam-react-js-training\\netflix-roulette\\src\\store\\movies\\reducer.ts","statementMap":{"0":{"start":{"line":1,"column":0},"end":{"line":1,"column":46}},"1":{"start":{"line":3,"column":0},"end":{"line":3,"column":41}},"2":{"start":{"line":6,"column":13},"end":{"line":14,"column":2}},"3":{"start":{"line":16,"column":13},"end":{"line":37,"column":2}},"4":{"start":{"line":18,"column":52},"end":{"line":21,"column":null}},"5":{"start":{"line":22,"column":58},"end":{"line":25,"column":null}},"6":{"start":{"line":26,"column":61},"end":{"line":29,"column":null}},"7":{"start":{"line":30,"column":58},"end":{"line":34,"column":null}}},"fnMap":{"0":{"name":"(anonymous_3)","decl":{"start":{"line":18,"column":33},"end":{"line":18,"column":34}},"loc":{"start":{"line":18,"column":47},"end":{"line":18,"column":null}}},"1":{"name":"(anonymous_4)","decl":{"start":{"line":22,"column":39},"end":{"line":22,"column":40}},"loc":{"start":{"line":22,"column":53},"end":{"line":22,"column":null}}},"2":{"name":"(anonymous_5)","decl":{"start":{"line":26,"column":42},"end":{"line":26,"column":43}},"loc":{"start":{"line":26,"column":56},"end":{"line":26,"column":null}}},"3":{"name":"(anonymous_6)","decl":{"start":{"line":30,"column":39},"end":{"line":30,"column":40}},"loc":{"start":{"line":30,"column":53},"end":{"line":30,"column":null}}}},"branchMap":{},"s":{"0":2,"1":2,"2":2,"3":2,"4":1,"5":1,"6":1,"7":1},"f":{"0":1,"1":1,"2":1,"3":1},"b":{}}
}
